<?xml version="1.0" encoding="UTF-8"?>
<testng-results skipped="0" failed="1" ignored="0" total="1" passed="0">
  <reporter-output>
  </reporter-output>
  <suite name="Suite" duration-ms="92264" started-at="2021-07-11T13:19:19 CDT" finished-at="2021-07-11T13:20:52 CDT">
    <groups>
    </groups>
    <test name="Test" duration-ms="92264" started-at="2021-07-11T13:19:19 CDT" finished-at="2021-07-11T13:20:52 CDT">
      <class name="com.mobile.testing.AmazonShopping">
        <test-method status="PASS" signature="initDriver()[pri:0, instance:com.mobile.testing.AmazonShopping@24855019]" name="initDriver" is-config="true" duration-ms="20157" started-at="2021-07-11T13:19:19 CDT" finished-at="2021-07-11T13:19:40 CDT">
          <reporter-output>
          </reporter-output>
        </test-method> <!-- initDriver -->
        <test-method status="FAIL" signature="amazonOrder()[pri:0, instance:com.mobile.testing.AmazonShopping@24855019]" name="amazonOrder" duration-ms="65074" started-at="2021-07-11T13:19:40 CDT" finished-at="2021-07-11T13:20:45 CDT">
          <exception class="java.lang.AssertionError">
            <message>
              <![CDATA[The following asserts failed:
expected [₹13,499.00 ₹26,990.00] but found [₹13,499.00]]]>
            </message>
            <full-stacktrace>
              <![CDATA[java.lang.AssertionError: The following asserts failed:
expected [₹13,499.00 ₹26,990.00] but found [₹13,499.00]
at org.testng.asserts.SoftAssert.assertAll(SoftAssert.java:47)
at org.testng.asserts.SoftAssert.assertAll(SoftAssert.java:31)
at com.mobile.testing.AmazonShopping.amazonOrder(AmazonShopping.java:94)
at sun.reflect.NativeMethodAccessorImpl.invoke0(Native Method)
at sun.reflect.NativeMethodAccessorImpl.invoke(NativeMethodAccessorImpl.java:62)
at sun.reflect.DelegatingMethodAccessorImpl.invoke(DelegatingMethodAccessorImpl.java:43)
at java.lang.reflect.Method.invoke(Method.java:498)
at org.testng.internal.MethodInvocationHelper.invokeMethod(MethodInvocationHelper.java:133)
at org.testng.internal.TestInvoker.invokeMethod(TestInvoker.java:598)
at org.testng.internal.TestInvoker.invokeTestMethod(TestInvoker.java:173)
at org.testng.internal.MethodRunner.runInSequence(MethodRunner.java:46)
at org.testng.internal.TestInvoker$MethodInvocationAgent.invoke(TestInvoker.java:824)
at org.testng.internal.TestInvoker.invokeTestMethods(TestInvoker.java:146)
at org.testng.internal.TestMethodWorker.invokeTestMethods(TestMethodWorker.java:146)
at org.testng.internal.TestMethodWorker.run(TestMethodWorker.java:128)
at java.util.ArrayList.forEach(ArrayList.java:1259)
at org.testng.TestRunner.privateRun(TestRunner.java:794)
at org.testng.TestRunner.run(TestRunner.java:596)
at org.testng.SuiteRunner.runTest(SuiteRunner.java:377)
at org.testng.SuiteRunner.runSequentially(SuiteRunner.java:371)
at org.testng.SuiteRunner.privateRun(SuiteRunner.java:332)
at org.testng.SuiteRunner.run(SuiteRunner.java:276)
at org.testng.SuiteRunnerWorker.runSuite(SuiteRunnerWorker.java:53)
at org.testng.SuiteRunnerWorker.run(SuiteRunnerWorker.java:96)
at org.testng.TestNG.runSuitesSequentially(TestNG.java:1212)
at org.testng.TestNG.runSuitesLocally(TestNG.java:1134)
at org.testng.TestNG.runSuites(TestNG.java:1063)
at org.testng.TestNG.run(TestNG.java:1031)
at org.apache.maven.surefire.testng.TestNGExecutor.run(TestNGExecutor.java:284)
at org.apache.maven.surefire.testng.TestNGXmlTestSuite.execute(TestNGXmlTestSuite.java:75)
at org.apache.maven.surefire.testng.TestNGProvider.invoke(TestNGProvider.java:119)
at org.apache.maven.surefire.booter.ForkedBooter.runSuitesInProcess(ForkedBooter.java:428)
at org.apache.maven.surefire.booter.ForkedBooter.execute(ForkedBooter.java:162)
at org.apache.maven.surefire.booter.ForkedBooter.run(ForkedBooter.java:562)
at org.apache.maven.surefire.booter.ForkedBooter.main(ForkedBooter.java:548)
]]>
            </full-stacktrace>
          </exception> <!-- java.lang.AssertionError -->
          <reporter-output>
          </reporter-output>
        </test-method> <!-- amazonOrder -->
        <test-method status="PASS" signature="tearDown()[pri:0, instance:com.mobile.testing.AmazonShopping@24855019]" name="tearDown" is-config="true" duration-ms="6488" started-at="2021-07-11T13:20:45 CDT" finished-at="2021-07-11T13:20:52 CDT">
          <reporter-output>
          </reporter-output>
        </test-method> <!-- tearDown -->
      </class> <!-- com.mobile.testing.AmazonShopping -->
    </test> <!-- Test -->
  </suite> <!-- Suite -->
</testng-results>
